<?xml version="1.0" encoding="UTF-8"?>
<!-- Generated by org.testng.reporters.JUnitReportReporter -->
<testsuite hostname="DESKTOP-BIVP7MD" failures="0" tests="1" name="CallIng_Page.VerifyOrangeHrm" time="27.910" errors="0" timestamp="2023-09-18T14:14:20 IST" skipped="0">
  <testcase classname="CallIng_Page.VerifyOrangeHrm" name="OrangeHrmTest" time="27.910"/>
</testsuite> <!-- CallIng_Page.VerifyOrangeHrm -->
